WARNING: An illegal reflective access operation has occurred
WARNING: Illegal reflective access by io.netty.util.internal.ReflectionUtil (file:/home/electric_eyes/.cache/firebase/emulators/firebase-database-emulator-v4.11.0.jar) to field sun.nio.ch.SelectorImpl.selectedKeys
WARNING: Please consider reporting this to the maintainers of io.netty.util.internal.ReflectionUtil
WARNING: Use --illegal-access=warn to enable warnings of further illegal reflective access operations
WARNING: All illegal access operations will be denied in a future release
11:58:33.131 [NamespaceSystem-akka.actor.default-dispatcher-5] INFO akka.event.slf4j.Slf4jLogger - Slf4jLogger started
11:58:33.252 [main] INFO com.firebase.server.forge.App$ - Listening at 127.0.0.1:9000
11:58:39.360 [NamespaceSystem-akka.actor.default-dispatcher-6] INFO com.firebase.core.namespace.NamespaceActor - project-firebase-44cfe-default-rtdb successfully activated FBKV (SurveyIdle(0)) wait: 97ms, init: 0ms
11:58:39.421 [NamespaceSystem-blocking-namespace-operation-dispatcher-7] INFO com.firebase.core.namespace.StateManager - Namespace project-firebase-44cfe-default-rtdb status Active to Active
14:24:47.361 [FirebaseWorkerPool-1-3] WARN com.firebase.core.persistence.backend.dummy.EmulatorMetadataPersistence - Multiple projectIds are not recommended in single project mode. Requested 
namespace psofteat-65478545498421319564-default-rtdb, but the emulator is configured for project-firebase-44cfe-default-rtdb. To 
opt-out of single project mode add/set the single_project_mode: false property in 
the firebase.json emulators config. 
14:24:47.385 [NamespaceSystem-akka.actor.default-dispatcher-10] INFO com.firebase.core.namespace.NamespaceActor - psofteat-65478545498421319564-default-rtdb successfully activated FBKV (SurveyIdle(0)) wait: 21ms, init: 0ms
14:35:48.846 [FirebaseWorkerPool-1-2] WARN com.firebase.core.persistence.backend.dummy.EmulatorMetadataPersistence - Multiple projectIds are not recommended in single project mode. Requested 
namespace 127, but the emulator is configured for psofteat-65478545498421319564-default-rtdb,project-firebase-44cfe-default-rtdb. To 
opt-out of single project mode add/set the single_project_mode: false property in 
the firebase.json emulators config. 
14:35:48.850 [NamespaceSystem-akka.actor.default-dispatcher-20] INFO com.firebase.core.namespace.NamespaceActor - 127 successfully activated FBKV (SurveyIdle(0)) wait: 1ms, init: 0ms
14:50:11.706 [Thread-0] INFO com.firebase.server.forge.App$ - Attempting graceful shutdown.
14:50:11.715 [NamespaceSystem-akka.actor.default-dispatcher-16] INFO com.firebase.core.namespace.Terminator$Terminator - 3 actors left to terminate: project-firebase-44cfe-default-rtdb, psofteat-65478545498421319564-default-rtdb, 127
14:50:11.723 [NamespaceSystem-akka.actor.default-dispatcher-25] INFO com.firebase.core.namespace.NamespaceActor - stopped namespace actor for psofteat-65478545498421319564-default-rtdb
14:50:11.723 [NamespaceSystem-akka.actor.default-dispatcher-24] INFO com.firebase.core.namespace.NamespaceActor - stopped namespace actor for project-firebase-44cfe-default-rtdb
14:50:11.723 [NamespaceSystem-akka.actor.default-dispatcher-26] INFO com.firebase.core.namespace.NamespaceActor - stopped namespace actor for 127
14:50:11.726 [Thread-0] INFO com.firebase.server.forge.App$ - Graceful shutdown complete.
